Determining if the pthread_create exist failed with the following output:
Change Dir: /home/kevin/ros/panda_ws/src/build/CMakeFiles/CMakeTmp

Run Build Command:"/usr/bin/make" "cmTC_f5fdc/fast"
/usr/bin/make -f CMakeFiles/cmTC_f5fdc.dir/build.make CMakeFiles/cmTC_f5fdc.dir/build
make[1]: Entering directory '/home/kevin/ros/panda_ws/src/build/CMakeFiles/CMakeTmp'
Building C object CMakeFiles/cmTC_f5fdc.dir/CheckSymbolExists.c.o
/usr/bin/cc    -o CMakeFiles/cmTC_f5fdc.dir/CheckSymbolExists.c.o   -c /home/kevin/ros/panda_ws/src/build/CMakeFiles/CMakeTmp/CheckSymbolExists.c
Linking C executable cmTC_f5fdc
/usr/bin/cmake -E cmake_link_script CMakeFiles/cmTC_f5fdc.dir/link.txt --verbose=1
/usr/bin/cc      -rdynamic CMakeFiles/cmTC_f5fdc.dir/CheckSymbolExists.c.o  -o cmTC_f5fdc 
CMakeFiles/cmTC_f5fdc.dir/CheckSymbolExists.c.o: In function `main':
CheckSymbolExists.c:(.text+0x1b): undefined reference to `pthread_create'
collect2: error: ld returned 1 exit status
CMakeFiles/cmTC_f5fdc.dir/build.make:97: recipe for target 'cmTC_f5fdc' failed
make[1]: *** [cmTC_f5fdc] Error 1
make[1]: Leaving directory '/home/kevin/ros/panda_ws/src/build/CMakeFiles/CMakeTmp'
Makefile:126: recipe for target 'cmTC_f5fdc/fast' failed
make: *** [cmTC_f5fdc/fast] Error 2

File /home/kevin/ros/panda_ws/src/build/CMakeFiles/CMakeTmp/CheckSymbolExists.c:
/* */
#include <pthread.h>

int main(int argc, char** argv)
{
  (void)argv;
#ifndef pthread_create
  return ((int*)(&pthread_create))[argc];
#else
  (void)argc;
  return 0;
#endif
}

Determining if the function pthread_create exists in the pthreads failed with the following output:
Change Dir: /home/kevin/ros/panda_ws/src/build/CMakeFiles/CMakeTmp

Run Build Command:"/usr/bin/make" "cmTC_f740a/fast"
/usr/bin/make -f CMakeFiles/cmTC_f740a.dir/build.make CMakeFiles/cmTC_f740a.dir/build
make[1]: Entering directory '/home/kevin/ros/panda_ws/src/build/CMakeFiles/CMakeTmp'
Building C object CMakeFiles/cmTC_f740a.dir/CheckFunctionExists.c.o
/usr/bin/cc   -DCHECK_FUNCTION_EXISTS=pthread_create   -o CMakeFiles/cmTC_f740a.dir/CheckFunctionExists.c.o   -c /usr/share/cmake-3.10/Modules/CheckFunctionExists.c
Linking C executable cmTC_f740a
/usr/bin/cmake -E cmake_link_script CMakeFiles/cmTC_f740a.dir/link.txt --verbose=1
/usr/bin/cc  -DCHECK_FUNCTION_EXISTS=pthread_create    -rdynamic CMakeFiles/cmTC_f740a.dir/CheckFunctionExists.c.o  -o cmTC_f740a -lpthreads 
/usr/bin/ld: cannot find -lpthreads
collect2: error: ld returned 1 exit status
CMakeFiles/cmTC_f740a.dir/build.make:97: recipe for target 'cmTC_f740a' failed
make[1]: *** [cmTC_f740a] Error 1
make[1]: Leaving directory '/home/kevin/ros/panda_ws/src/build/CMakeFiles/CMakeTmp'
Makefile:126: recipe for target 'cmTC_f740a/fast' failed
make: *** [cmTC_f740a/fast] Error 2


